2022-09-05 17:07:03,127 - Log4JLogChute initialized using file 'velocity.log'
2022-09-05 17:07:03,128 - Initializing Velocity, Calling init()...
2022-09-05 17:07:03,128 - Starting Apache Velocity v1.7 (compiled: 2010-11-19 12:14:37)
2022-09-05 17:07:03,128 - Default Properties File: org\apache\velocity\runtime\defaults\velocity.properties
2022-09-05 17:07:03,128 - Trying to use logger class org.apache.velocity.runtime.log.AvalonLogChute
2022-09-05 17:07:03,128 - Target log system for org.apache.velocity.runtime.log.AvalonLogChute is not available (java.lang.NoClassDefFoundError: org/apache/log/format/Formatter).  Falling back to next log system...
2022-09-05 17:07:03,128 - Trying to use logger class org.apache.velocity.runtime.log.Log4JLogChute
2022-09-05 17:07:03,128 - Using logger class org.apache.velocity.runtime.log.Log4JLogChute
2022-09-05 17:07:03,134 - ResourceLoader instantiated: org.apache.velocity.runtime.resource.loader.FileResourceLoader
2022-09-05 17:07:03,135 - Do unicode file recognition:  false
2022-09-05 17:07:03,136 - FileResourceLoader : adding path 'src/main/resources/template'
2022-09-05 17:07:03,152 - ResourceCache: initialized (class org.apache.velocity.runtime.resource.ResourceCacheImpl) with class java.util.Collections$SynchronizedMap cache map.
2022-09-05 17:07:03,155 - Loaded System Directive: org.apache.velocity.runtime.directive.Stop
2022-09-05 17:07:03,156 - Loaded System Directive: org.apache.velocity.runtime.directive.Define
2022-09-05 17:07:03,157 - Loaded System Directive: org.apache.velocity.runtime.directive.Break
2022-09-05 17:07:03,157 - Loaded System Directive: org.apache.velocity.runtime.directive.Evaluate
2022-09-05 17:07:03,158 - Loaded System Directive: org.apache.velocity.runtime.directive.Literal
2022-09-05 17:07:03,160 - Loaded System Directive: org.apache.velocity.runtime.directive.Macro
2022-09-05 17:07:03,162 - Loaded System Directive: org.apache.velocity.runtime.directive.Parse
2022-09-05 17:07:03,163 - Loaded System Directive: org.apache.velocity.runtime.directive.Include
2022-09-05 17:07:03,164 - Loaded System Directive: org.apache.velocity.runtime.directive.Foreach
2022-09-05 17:07:03,199 - Created '20' parsers.
2022-09-05 17:07:03,207 - Velocimacro : "velocimacro.library" is not set.  Trying default library: VM_global_library.vm
2022-09-05 17:07:03,207 - Velocimacro : Default library not found.
2022-09-05 17:07:03,207 - Velocimacro : allowInline = true : VMs can be defined inline in templates
2022-09-05 17:07:03,207 - Velocimacro : allowInlineToOverride = false : VMs defined inline may NOT replace previous VM definitions
2022-09-05 17:07:03,207 - Velocimacro : allowInlineLocal = false : VMs defined inline will be global in scope if allowed.
2022-09-05 17:07:03,207 - Velocimacro : autoload off : VM system will not automatically reload global library macros
2022-09-05 17:07:03,227 - ResourceManager : found hello.vm with loader org.apache.velocity.runtime.resource.loader.FileResourceLoader
2022-09-05 17:08:30,990 - Log4JLogChute initialized using file 'velocity.log'
2022-09-05 17:08:30,991 - Initializing Velocity, Calling init()...
2022-09-05 17:08:30,991 - Starting Apache Velocity v1.7 (compiled: 2010-11-19 12:14:37)
2022-09-05 17:08:30,991 - Default Properties File: org\apache\velocity\runtime\defaults\velocity.properties
2022-09-05 17:08:30,991 - Trying to use logger class org.apache.velocity.runtime.log.AvalonLogChute
2022-09-05 17:08:30,991 - Target log system for org.apache.velocity.runtime.log.AvalonLogChute is not available (java.lang.NoClassDefFoundError: org/apache/log/format/Formatter).  Falling back to next log system...
2022-09-05 17:08:30,991 - Trying to use logger class org.apache.velocity.runtime.log.Log4JLogChute
2022-09-05 17:08:30,991 - Using logger class org.apache.velocity.runtime.log.Log4JLogChute
2022-09-05 17:08:30,997 - ResourceLoader instantiated: org.apache.velocity.runtime.resource.loader.FileResourceLoader
2022-09-05 17:08:30,998 - Do unicode file recognition:  false
2022-09-05 17:08:30,998 - FileResourceLoader : adding path 'src/main/resources/template'
2022-09-05 17:08:31,013 - ResourceCache: initialized (class org.apache.velocity.runtime.resource.ResourceCacheImpl) with class java.util.Collections$SynchronizedMap cache map.
2022-09-05 17:08:31,015 - Loaded System Directive: org.apache.velocity.runtime.directive.Stop
2022-09-05 17:08:31,017 - Loaded System Directive: org.apache.velocity.runtime.directive.Define
2022-09-05 17:08:31,017 - Loaded System Directive: org.apache.velocity.runtime.directive.Break
2022-09-05 17:08:31,018 - Loaded System Directive: org.apache.velocity.runtime.directive.Evaluate
2022-09-05 17:08:31,019 - Loaded System Directive: org.apache.velocity.runtime.directive.Literal
2022-09-05 17:08:31,020 - Loaded System Directive: org.apache.velocity.runtime.directive.Macro
2022-09-05 17:08:31,022 - Loaded System Directive: org.apache.velocity.runtime.directive.Parse
2022-09-05 17:08:31,024 - Loaded System Directive: org.apache.velocity.runtime.directive.Include
2022-09-05 17:08:31,025 - Loaded System Directive: org.apache.velocity.runtime.directive.Foreach
2022-09-05 17:08:31,060 - Created '20' parsers.
2022-09-05 17:08:31,068 - Velocimacro : "velocimacro.library" is not set.  Trying default library: VM_global_library.vm
2022-09-05 17:08:31,068 - Velocimacro : Default library not found.
2022-09-05 17:08:31,068 - Velocimacro : allowInline = true : VMs can be defined inline in templates
2022-09-05 17:08:31,068 - Velocimacro : allowInlineToOverride = false : VMs defined inline may NOT replace previous VM definitions
2022-09-05 17:08:31,068 - Velocimacro : allowInlineLocal = false : VMs defined inline will be global in scope if allowed.
2022-09-05 17:08:31,068 - Velocimacro : autoload off : VM system will not automatically reload global library macros
2022-09-05 17:08:31,082 - ResourceManager : found hello.vm with loader org.apache.velocity.runtime.resource.loader.FileResourceLoader
2022-09-05 17:22:27,087 - Log4JLogChute initialized using file 'velocity.log'
2022-09-05 17:22:27,088 - Initializing Velocity, Calling init()...
2022-09-05 17:22:27,088 - Starting Apache Velocity v1.7 (compiled: 2010-11-19 12:14:37)
2022-09-05 17:22:27,088 - Default Properties File: org\apache\velocity\runtime\defaults\velocity.properties
2022-09-05 17:22:27,088 - Trying to use logger class org.apache.velocity.runtime.log.AvalonLogChute
2022-09-05 17:22:27,088 - Target log system for org.apache.velocity.runtime.log.AvalonLogChute is not available (java.lang.NoClassDefFoundError: org/apache/log/format/Formatter).  Falling back to next log system...
2022-09-05 17:22:27,088 - Trying to use logger class org.apache.velocity.runtime.log.Log4JLogChute
2022-09-05 17:22:27,089 - Using logger class org.apache.velocity.runtime.log.Log4JLogChute
2022-09-05 17:22:27,094 - ResourceLoader instantiated: org.apache.velocity.runtime.resource.loader.FileResourceLoader
2022-09-05 17:22:27,096 - Do unicode file recognition:  false
2022-09-05 17:22:27,096 - FileResourceLoader : adding path 'src/main/resources/template'
2022-09-05 17:22:27,115 - ResourceCache: initialized (class org.apache.velocity.runtime.resource.ResourceCacheImpl) with class java.util.Collections$SynchronizedMap cache map.
2022-09-05 17:22:27,117 - Loaded System Directive: org.apache.velocity.runtime.directive.Stop
2022-09-05 17:22:27,119 - Loaded System Directive: org.apache.velocity.runtime.directive.Define
2022-09-05 17:22:27,119 - Loaded System Directive: org.apache.velocity.runtime.directive.Break
2022-09-05 17:22:27,120 - Loaded System Directive: org.apache.velocity.runtime.directive.Evaluate
2022-09-05 17:22:27,121 - Loaded System Directive: org.apache.velocity.runtime.directive.Literal
2022-09-05 17:22:27,122 - Loaded System Directive: org.apache.velocity.runtime.directive.Macro
2022-09-05 17:22:27,124 - Loaded System Directive: org.apache.velocity.runtime.directive.Parse
2022-09-05 17:22:27,125 - Loaded System Directive: org.apache.velocity.runtime.directive.Include
2022-09-05 17:22:27,126 - Loaded System Directive: org.apache.velocity.runtime.directive.Foreach
2022-09-05 17:22:27,162 - Created '20' parsers.
2022-09-05 17:22:27,169 - Velocimacro : "velocimacro.library" is not set.  Trying default library: VM_global_library.vm
2022-09-05 17:22:27,169 - Velocimacro : Default library not found.
2022-09-05 17:22:27,169 - Velocimacro : allowInline = true : VMs can be defined inline in templates
2022-09-05 17:22:27,170 - Velocimacro : allowInlineToOverride = false : VMs defined inline may NOT replace previous VM definitions
2022-09-05 17:22:27,170 - Velocimacro : allowInlineLocal = false : VMs defined inline will be global in scope if allowed.
2022-09-05 17:22:27,170 - Velocimacro : autoload off : VM system will not automatically reload global library macros
2022-09-05 17:22:27,188 - ResourceManager : found hello.vm with loader org.apache.velocity.runtime.resource.loader.FileResourceLoader
